<?xml version="1.0" encoding="UTF-8"?>
<!-- Generated by org.testng.reporters.JUnitReportReporter -->
<testsuite hostname="ABIMOHAN" failures="0" tests="1" name="restAssuredSample.POSTaddLocationTest" time="9.562" errors="0" timestamp="2022-01-15T14:41:26 IST" skipped="0">
  <testcase classname="restAssuredSample.POSTaddLocationTest" name="addPlaceTest" time="9.562"/>
  <system-out/>
</testsuite> <!-- restAssuredSample.POSTaddLocationTest -->
