<?xml version="1.0" encoding="UTF-8"?>
<!-- Generated by org.testng.reporters.JUnitReportReporter -->
<testsuite hostname="ABIMOHAN" failures="0" tests="1" name="restAssuredSample.POSTaddLocationTest" time="3.060" errors="0" timestamp="2022-01-14T13:14:15 IST" skipped="0">
  <testcase classname="restAssuredSample.POSTaddLocationTest" name="successTest" time="3.060"/>
  <system-out/>
</testsuite> <!-- restAssuredSample.POSTaddLocationTest -->
